2024-08-02 17:43:32 - Set PC LEDs to 0
2024-08-02 17:44:59 - Set PC LEDs to 0
2024-08-02 18:24:27 - Display battery full and current energy
2024-08-02 18:24:53 - Display the CPU info
2024-08-02 18:25:14 - Set PC LEDs to 1
2024-08-02 18:25:57 - Display the CPU info
2024-08-02 18:26:00 - Display the CPU info
2024-08-02 18:26:05 - Exiting CLI Application
2024-08-03 21:04:34 - Exiting CLI Application
2024-08-03 21:04:39 - Exiting CLI Application
2024-08-03 21:06:23 - Exiting CLI Application
2024-08-03 21:11:24 - Exiting CLI Application
2024-08-03 21:25:28 - Exiting CLI Application
2024-08-04 16:53:53 - Display the CPU info
2024-08-04 16:54:03 - Display the RAM info
2024-08-04 16:54:07 - Display the Disk info
2024-08-04 16:54:33 - Display battery full and current energy
2024-08-04 16:54:49 - Set PC LEDs to 1
2024-08-04 16:59:57 - Exited kernel logs view
2024-08-04 17:00:59 - Exiting CLI Application
2024-08-04 17:01:06 - Exited kernel logs view
2024-08-04 17:09:57 - Exiting CLI Application
2024-08-04 17:10:09 - Display the CPU info
2024-08-04 17:10:43 - Exiting CLI Application
2024-08-04 17:11:45 - Display the CPU info
2024-08-04 17:18:26 - Exiting CLI Application
2024-08-04 17:31:12 - Display the CPU info
2024-08-04 17:36:46 - Exiting CLI Application
2024-08-04 17:36:55 - Display battery full and current energy
2024-08-04 17:37:12 - Set PC LEDs to 0
2024-08-04 17:37:39 - Exited kernel logs view
2024-08-04 17:38:02 - Exiting CLI Application
2024-08-04 17:39:20 - Display the RAM info
2024-08-04 17:39:24 - Display the Disk info
2024-08-04 17:41:43 - Exiting CLI Application
2024-08-04 17:42:41 - Exiting CLI Application
2024-08-04 17:42:52 - Display network IP, DNS and download/upload rate
2024-08-04 17:44:50 - Displaying kernel logs in real-time
2024-08-04 17:45:00 - Exited kernel logs view
2024-08-04 17:45:08 - System Rebooted
