Logger initialized...
2024-09-19 20:12:56 PM [INFO] Vehicle initialized...
2024-09-19 20:12:56 PM [INFO] Vehicle sensors updated: Speed = 64, Distance = 28, Temperature = 14, Battery Level = 56
2024-09-19 20:12:56 PM [INFO] Dashboard displayed...
2024-09-19 20:12:56 PM [INFO] Vehicle control executed...
2024-09-19 20:12:58 PM [INFO] Vehicle sensors updated: Speed = 180, Distance = 8, Temperature = 64, Battery Level = 100
2024-09-19 20:12:58 PM [INFO] Dashboard displayed...
2024-09-19 20:12:58 PM [WARNING] Diagnostics: Speed is very high!
2024-09-19 20:12:58 PM [WARNING] Diagnostics: Warning or error detected.
2024-09-19 20:12:58 PM [INFO] Vehicle control executed...
2024-09-19 20:13:00 PM [INFO] Vehicle sensors updated: Speed = 188, Distance = 22, Temperature = 55, Battery Level = 34
2024-09-19 20:13:00 PM [INFO] Dashboard displayed...
2024-09-19 20:13:00 PM [WARNING] Diagnostics: Speed is very high!
2024-09-19 20:13:00 PM [WARNING] Diagnostics: Warning or error detected.
2024-09-19 20:13:00 PM [INFO] Vehicle control executed...
2024-09-19 20:13:02 PM [INFO] Vehicle sensors updated: Speed = 30, Distance = 3, Temperature = 16, Battery Level = 50
2024-09-19 20:13:02 PM [INFO] Dashboard displayed...
2024-09-19 20:13:02 PM [CRITICAL] Diagnostics: Object is too close!
2024-09-19 20:13:02 PM [WARNING] Diagnostics: Warning or error detected.
2024-09-19 20:13:02 PM [CRITICAL] AdaptiveCruiseControl: Automatic brake activated... An object is infront of you!
2024-09-19 20:13:02 PM [INFO] Vehicle control executed...
2024-09-19 20:13:04 PM [INFO] Vehicle sensors updated: Speed = 250, Distance = 14, Temperature = 10, Battery Level = 82
2024-09-19 20:13:04 PM [INFO] Dashboard displayed...
2024-09-19 20:13:04 PM [WARNING] Diagnostics: Speed is very high!
2024-09-19 20:13:04 PM [WARNING] Diagnostics: Warning or error detected.
2024-09-19 20:13:04 PM [INFO] Vehicle control executed...
2024-09-19 20:13:06 PM [INFO] Vehicle sensors updated: Speed = 239, Distance = 29, Temperature = 71, Battery Level = 39
2024-09-19 20:13:06 PM [INFO] Dashboard displayed...
2024-09-19 20:13:06 PM [WARNING] Diagnostics: Speed is very high!
2024-09-19 20:13:06 PM [WARNING] Diagnostics: Engine's temperature is high!
2024-09-19 20:13:06 PM [WARNING] Diagnostics: Warning or error detected.
2024-09-19 20:13:06 PM [WARNING] AdaptiveCruiseControl: Automatic decelerating activated... Car temperature is high!
2024-09-19 20:13:06 PM [INFO] Vehicle control executed...
2024-09-19 20:13:08 PM [INFO] Vehicle sensors updated: Speed = 231, Distance = 27, Temperature = 22, Battery Level = 76
2024-09-19 20:13:08 PM [INFO] Dashboard displayed...
2024-09-19 20:13:08 PM [WARNING] Diagnostics: Speed is very high!
2024-09-19 20:13:08 PM [WARNING] Diagnostics: Warning or error detected.
2024-09-19 20:13:08 PM [INFO] Vehicle control executed...
Logger initialized...
2024-09-27 03:47:06 AM [INFO] Vehicle has been initialized...
2024-09-27 03:47:06 AM [INFO] Vehicle sensors updated: Speed = 192, Distance = 29, Temperature = 88, Battery Level = 23
2024-09-27 03:47:06 AM [INFO] Dashboard displayed...
2024-09-27 03:47:06 AM [WARNING] Diagnostics: Speed is very high!
2024-09-27 03:47:06 AM [WARNING] Diagnostics: Engine's temperature is high!
2024-09-27 03:47:06 AM [WARNING] Diagnostics: Warning or error detected.
2024-09-27 03:47:06 AM [WARNING] AdaptiveCruiseControl: Automatic decelerating activated... Car temperature is high!
2024-09-27 03:47:06 AM [INFO] Vehicle control executed...
2024-09-27 03:47:08 AM [INFO] Vehicle sensors updated: Speed = 175, Distance = 25, Temperature = 55, Battery Level = 19
2024-09-27 03:47:08 AM [INFO] Dashboard displayed...
2024-09-27 03:47:08 AM [WARNING] Diagnostics: Speed is very high!
2024-09-27 03:47:08 AM [WARNING] Diagnostics: Battery level is low!
2024-09-27 03:47:08 AM [WARNING] Diagnostics: Warning or error detected.
2024-09-27 03:47:08 AM [INFO] Vehicle control executed...
2024-09-27 03:47:10 AM [INFO] Vehicle sensors updated: Speed = 183, Distance = 25, Temperature = 29, Battery Level = 19
2024-09-27 03:47:10 AM [INFO] Dashboard displayed...
2024-09-27 03:47:10 AM [WARNING] Diagnostics: Speed is very high!
2024-09-27 03:47:10 AM [WARNING] Diagnostics: Battery level is low!
2024-09-27 03:47:10 AM [WARNING] Diagnostics: Warning or error detected.
2024-09-27 03:47:10 AM [INFO] Vehicle control executed...
2024-09-27 03:47:12 AM [INFO] Vehicle sensors updated: Speed = 124, Distance = 10, Temperature = 4, Battery Level = 40
2024-09-27 03:47:12 AM [INFO] Dashboard displayed...
2024-09-27 03:47:12 AM [INFO] Vehicle control executed...
2024-09-27 03:47:14 AM [INFO] Vehicle sensors updated: Speed = 17, Distance = 34, Temperature = 15, Battery Level = 31
2024-09-27 03:47:14 AM [INFO] Dashboard displayed...
2024-09-27 03:47:14 AM [INFO] Vehicle control executed...
2024-09-27 03:47:16 AM [INFO] Vehicle sensors updated: Speed = 172, Distance = 3, Temperature = 67, Battery Level = 47
2024-09-27 03:47:16 AM [INFO] Dashboard displayed...
2024-09-27 03:47:16 AM [WARNING] Diagnostics: Speed is very high!
2024-09-27 03:47:16 AM [CRITICAL] Diagnostics: Object is too close!
2024-09-27 03:47:16 AM [WARNING] Diagnostics: Warning or error detected.
2024-09-27 03:47:16 AM [CRITICAL] AdaptiveCruiseControl: Automatic brake activated... An object is infront of you!
2024-09-27 03:47:17 AM [INFO] Vehicle control executed...
2024-09-27 03:47:19 AM [INFO] Vehicle sensors updated: Speed = 122, Distance = 26, Temperature = 49, Battery Level = 64
2024-09-27 03:47:19 AM [INFO] Dashboard displayed...
2024-09-27 03:47:19 AM [INFO] Vehicle control executed...
2024-09-27 03:47:21 AM [INFO] Vehicle sensors updated: Speed = 11, Distance = 7, Temperature = 6, Battery Level = 36
2024-09-27 03:47:21 AM [INFO] Dashboard displayed...
2024-09-27 03:47:21 AM [INFO] Vehicle control executed...
2024-09-27 03:47:23 AM [INFO] Vehicle sensors updated: Speed = 7, Distance = 28, Temperature = 59, Battery Level = 21
2024-09-27 03:47:23 AM [INFO] Dashboard displayed...
2024-09-27 03:47:23 AM [INFO] Vehicle control executed...
2024-09-27 03:47:25 AM [INFO] Vehicle sensors updated: Speed = 71, Distance = 22, Temperature = 15, Battery Level = 96
2024-09-27 03:47:25 AM [INFO] Dashboard displayed...
2024-09-27 03:47:25 AM [INFO] Vehicle control executed...
2024-09-27 03:47:27 AM [INFO] Vehicle sensors updated: Speed = 120, Distance = 20, Temperature = 84, Battery Level = 15
2024-09-27 03:47:27 AM [INFO] Dashboard displayed...
2024-09-27 03:47:27 AM [WARNING] Diagnostics: Engine's temperature is high!
2024-09-27 03:47:27 AM [WARNING] Diagnostics: Battery level is low!
2024-09-27 03:47:27 AM [WARNING] Diagnostics: Warning or error detected.
2024-09-27 03:47:27 AM [WARNING] AdaptiveCruiseControl: Automatic decelerating activated... Car temperature is high!
2024-09-27 03:47:27 AM [INFO] Vehicle control executed...
2024-09-27 03:47:29 AM [INFO] Vehicle sensors updated: Speed = 92, Distance = 0, Temperature = 51, Battery Level = 6
2024-09-27 03:47:29 AM [INFO] Dashboard displayed...
2024-09-27 03:47:29 AM [CRITICAL] Diagnostics: Object is too close!
2024-09-27 03:47:29 AM [WARNING] Diagnostics: Battery level is low!
2024-09-27 03:47:29 AM [WARNING] Diagnostics: Warning or error detected.
2024-09-27 03:47:29 AM [CRITICAL] AdaptiveCruiseControl: Automatic brake activated... An object is infront of you!
2024-09-27 03:47:29 AM [INFO] Vehicle control executed...
